<?xml version="1.0" encoding="utf-8"?><testsuites name="pytest tests"><testsuite name="pytest" errors="0" failures="0" skipped="0" tests="38" time="21.237" timestamp="2026-03-29T03:44:25.375937+00:00" hostname="agent-env-7d6fc135-0e90-4e84-963f-96b67c26afff"><testcase classname="tests.test_iteration15_routes_refactoring.TestHealthAndConstants" name="test_health_endpoint" time="0.262" /><testcase classname="tests.test_iteration15_routes_refactoring.TestHealthAndConstants" name="test_constants_endpoint" time="0.143" /><testcase classname="tests.test_iteration15_routes_refactoring.TestAuthRoutes" name="test_demo_mode_creates_account" time="0.370" /><testcase classname="tests.test_iteration15_routes_refactoring.TestAuthRoutes" name="test_signup_creates_solo_account" time="0.373" /><testcase classname="tests.test_iteration15_routes_refactoring.TestAuthRoutes" name="test_signup_duplicate_email_fails" time="0.487" /><testcase classname="tests.test_iteration15_routes_refactoring.TestAuthRoutes" name="test_login_with_valid_credentials" time="0.703" /><testcase classname="tests.test_iteration15_routes_refactoring.TestAuthRoutes" name="test_login_with_invalid_password" time="0.714" /><testcase classname="tests.test_iteration15_routes_refactoring.TestAuthRoutes" name="test_get_me_endpoint" time="0.486" /><testcase classname="tests.test_iteration15_routes_refactoring.TestAuthRoutes" name="test_password_reset_request" time="0.124" /><testcase classname="tests.test_iteration15_routes_refactoring.TestAuthRoutes" name="test_change_password" time="0.931" /><testcase classname="tests.test_iteration15_routes_refactoring.TestPropertiesRoutes" name="test_get_properties" time="0.477" /><testcase classname="tests.test_iteration15_routes_refactoring.TestPropertiesRoutes" name="test_create_property" time="0.540" /><testcase classname="tests.test_iteration15_routes_refactoring.TestPropertiesRoutes" name="test_get_property_by_id" time="0.649" /><testcase classname="tests.test_iteration15_routes_refactoring.TestPropertiesRoutes" name="test_update_property" time="0.629" /><testcase classname="tests.test_iteration15_routes_refactoring.TestPropertiesRoutes" name="test_property_export_pdf" time="0.674" /><testcase classname="tests.test_iteration15_routes_refactoring.TestComplianceRoutes" name="test_get_compliance_records" time="0.474" /><testcase classname="tests.test_iteration15_routes_refactoring.TestComplianceRoutes" name="test_create_compliance_record" time="0.778" /><testcase classname="tests.test_iteration15_routes_refactoring.TestComplianceRoutes" name="test_update_compliance_record" time="0.631" /><testcase classname="tests.test_iteration15_routes_refactoring.TestComplianceRoutes" name="test_get_record_documents" time="0.595" /><testcase classname="tests.test_iteration15_routes_refactoring.TestTasksRoutes" name="test_get_tasks" time="0.521" /><testcase classname="tests.test_iteration15_routes_refactoring.TestTasksRoutes" name="test_get_task_templates" time="0.501" /><testcase classname="tests.test_iteration15_routes_refactoring.TestTasksRoutes" name="test_create_task" time="0.619" /><testcase classname="tests.test_iteration15_routes_refactoring.TestTasksRoutes" name="test_update_task" time="0.598" /><testcase classname="tests.test_iteration15_routes_refactoring.TestNotificationsRoutes" name="test_generate_notifications" time="0.487" /><testcase classname="tests.test_iteration15_routes_refactoring.TestNotificationsRoutes" name="test_get_notifications" time="0.644" /><testcase classname="tests.test_iteration15_routes_refactoring.TestNotificationsRoutes" name="test_mark_all_read" time="0.490" /><testcase classname="tests.test_iteration15_routes_refactoring.TestNotificationsRoutes" name="test_get_user_preferences" time="0.481" /><testcase classname="tests.test_iteration15_routes_refactoring.TestNotificationsRoutes" name="test_update_user_preferences" time="0.495" /><testcase classname="tests.test_iteration15_routes_refactoring.TestBillingRoutes" name="test_get_subscription" time="0.495" /><testcase classname="tests.test_iteration15_routes_refactoring.TestBillingRoutes" name="test_get_subscription_plans" time="0.487" /><testcase classname="tests.test_iteration15_routes_refactoring.TestBillingRoutes" name="test_check_property_limit" time="0.501" /><testcase classname="tests.test_iteration15_routes_refactoring.TestDashboardRoutes" name="test_dashboard_stats" time="0.489" /><testcase classname="tests.test_iteration15_routes_refactoring.TestDashboardRoutes" name="test_dashboard_data" time="0.523" /><testcase classname="tests.test_iteration15_routes_refactoring.TestAIAssistantRoutes" name="test_ai_insights" time="0.485" /><testcase classname="tests.test_iteration15_routes_refactoring.TestAIAssistantRoutes" name="test_ai_ask" time="1.626" /><testcase classname="tests.test_iteration15_routes_refactoring.TestAIAssistantRoutes" name="test_ai_property_insights" time="0.642" /><testcase classname="tests.test_iteration15_routes_refactoring.TestOnboardingRoutes" name="test_get_onboarding_status" time="0.478" /><testcase classname="tests.test_iteration15_routes_refactoring.TestOnboardingRoutes" name="test_complete_onboarding" time="0.510" /></testsuite></testsuites>