<?xml version="1.0" encoding="utf-8"?><testsuites name="pytest tests"><testsuite name="pytest" errors="0" failures="0" skipped="2" tests="26" time="7.461" timestamp="2026-03-27T08:13:09.302170+00:00" hostname="agent-env-7d6fc135-0e90-4e84-963f-96b67c26afff"><testcase classname="backend.tests.test_phase3_features.TestTasksCRUD" name="test_get_tasks_list" time="0.606" /><testcase classname="backend.tests.test_phase3_features.TestTasksCRUD" name="test_create_task_success" time="0.373" /><testcase classname="backend.tests.test_phase3_features.TestTasksCRUD" name="test_create_task_empty_title_rejected" time="0.117" /><testcase classname="backend.tests.test_phase3_features.TestTasksCRUD" name="test_create_task_whitespace_title_rejected" time="0.118" /><testcase classname="backend.tests.test_phase3_features.TestTasksCRUD" name="test_update_task" time="0.483" /><testcase classname="backend.tests.test_phase3_features.TestTasksCRUD" name="test_delete_task" time="0.356" /><testcase classname="backend.tests.test_phase3_features.TestTasksCRUD" name="test_task_status_change" time="0.509" /><testcase classname="backend.tests.test_phase3_features.TestTasksFiltering" name="test_filter_by_status" time="0.384" /><testcase classname="backend.tests.test_phase3_features.TestTasksFiltering" name="test_filter_by_priority" time="0.422" /><testcase classname="backend.tests.test_phase3_features.TestTasksFiltering" name="test_filter_by_property" time="0.382" /><testcase classname="backend.tests.test_phase3_features.TestRecurringTasks" name="test_create_recurring_task" time="0.249" /><testcase classname="backend.tests.test_phase3_features.TestRecurringTasks" name="test_complete_recurring_task_creates_next" time="0.736" /><testcase classname="backend.tests.test_phase3_features.TestTaskTemplates" name="test_get_task_templates" time="0.123" /><testcase classname="backend.tests.test_phase3_features.TestNotifications" name="test_get_notifications" time="0.116" /><testcase classname="backend.tests.test_phase3_features.TestNotifications" name="test_get_unread_notifications" time="0.130" /><testcase classname="backend.tests.test_phase3_features.TestNotifications" name="test_generate_notifications" time="0.149" /><testcase classname="backend.tests.test_phase3_features.TestNotifications" name="test_mark_notification_read" time="0.359"><skipped type="pytest.skip" message="No notifications available for testing">/app/backend/tests/test_phase3_features.py:385: No notifications available for testing</skipped></testcase><testcase classname="backend.tests.test_phase3_features.TestNotifications" name="test_mark_all_notifications_read" time="0.270" /><testcase classname="backend.tests.test_phase3_features.TestNotifications" name="test_delete_notification" time="0.254"><skipped type="pytest.skip" message="No notifications available for testing">/app/backend/tests/test_phase3_features.py:418: No notifications available for testing</skipped></testcase><testcase classname="backend.tests.test_phase3_features.TestUserPreferences" name="test_get_user_preferences" time="0.134" /><testcase classname="backend.tests.test_phase3_features.TestUserPreferences" name="test_update_user_preferences" time="0.402" /><testcase classname="backend.tests.test_phase3_features.TestDashboardData" name="test_dashboard_stats_includes_new_fields" time="0.123" /><testcase classname="backend.tests.test_phase3_features.TestDashboardData" name="test_dashboard_data_endpoint" time="0.163" /><testcase classname="backend.tests.test_phase3_features.TestDashboardData" name="test_dashboard_upcoming_expiries_structure" time="0.124" /><testcase classname="backend.tests.test_phase3_features.TestDashboardData" name="test_dashboard_tasks_due_structure" time="0.123" /><testcase classname="backend.tests.test_phase3_features.TestConstantsPhase3" name="test_constants_include_task_fields" time="0.139" /></testsuite></testsuites>