<?xml version="1.0" encoding="utf-8"?><testsuites name="pytest tests"><testsuite name="pytest" errors="0" failures="0" skipped="0" tests="18" time="2.254" timestamp="2026-03-27T09:11:40.803610+00:00" hostname="agent-env-7d6fc135-0e90-4e84-963f-96b67c26afff"><testcase classname="backend.tests.test_phase5_subscription.TestSubscriptionPlansEndpoint" name="test_get_plans_returns_all_three_plans" time="0.232" /><testcase classname="backend.tests.test_phase5_subscription.TestSubscriptionPlansEndpoint" name="test_solo_plan_details" time="0.078" /><testcase classname="backend.tests.test_phase5_subscription.TestSubscriptionPlansEndpoint" name="test_portfolio_plan_details" time="0.064" /><testcase classname="backend.tests.test_phase5_subscription.TestSubscriptionPlansEndpoint" name="test_operator_plan_details" time="0.060" /><testcase classname="backend.tests.test_phase5_subscription.TestSubscriptionPlansEndpoint" name="test_plans_include_trial_days" time="0.057" /><testcase classname="backend.tests.test_phase5_subscription.TestSubscriptionEndpoint" name="test_get_subscription_requires_auth" time="0.059" /><testcase classname="backend.tests.test_phase5_subscription.TestSubscriptionEndpoint" name="test_get_subscription_returns_plan_details" time="0.355" /><testcase classname="backend.tests.test_phase5_subscription.TestSubscriptionEndpoint" name="test_subscription_includes_trial_info" time="0.062" /><testcase classname="backend.tests.test_phase5_subscription.TestCheckLimitEndpoint" name="test_check_limit_requires_auth" time="0.060" /><testcase classname="backend.tests.test_phase5_subscription.TestCheckLimitEndpoint" name="test_check_limit_returns_allowed_status" time="0.060" /><testcase classname="backend.tests.test_phase5_subscription.TestCheckLimitEndpoint" name="test_check_limit_at_limit_returns_false" time="0.342" /><testcase classname="backend.tests.test_phase5_subscription.TestChangePlanEndpoint" name="test_change_plan_requires_auth" time="0.062" /><testcase classname="backend.tests.test_phase5_subscription.TestChangePlanEndpoint" name="test_change_plan_invalid_plan_rejected" time="0.059" /><testcase classname="backend.tests.test_phase5_subscription.TestChangePlanEndpoint" name="test_upgrade_to_portfolio_works" time="0.123" /><testcase classname="backend.tests.test_phase5_subscription.TestChangePlanEndpoint" name="test_downgrade_blocked_if_over_limit" time="0.059" /><testcase classname="backend.tests.test_phase5_subscription.TestNewUserSignupTrial" name="test_signup_creates_trial_user" time="0.284" /><testcase classname="backend.tests.test_phase5_subscription.TestConstantsEndpoint" name="test_constants_includes_subscription_plans" time="0.060" /><testcase classname="backend.tests.test_phase5_subscription.TestAuthMeSubscriptionInfo" name="test_auth_me_includes_subscription_fields" time="0.069" /></testsuite></testsuites>