<?xml version="1.0" encoding="utf-8"?><testsuites name="pytest tests"><testsuite name="pytest" errors="0" failures="0" skipped="0" tests="17" time="8.446" timestamp="2026-03-27T11:47:35.960243+00:00" hostname="agent-env-7d6fc135-0e90-4e84-963f-96b67c26afff"><testcase classname="backend.tests.test_iteration11_features.TestHealthAndBasics" name="test_health_endpoint" time="0.191" /><testcase classname="backend.tests.test_iteration11_features.TestAuthFlow" name="test_signup_new_user" time="0.336" /><testcase classname="backend.tests.test_iteration11_features.TestAuthFlow" name="test_login_existing_user" time="0.707" /><testcase classname="backend.tests.test_iteration11_features.TestAuthFlow" name="test_login_invalid_credentials" time="0.111" /><testcase classname="backend.tests.test_iteration11_features.TestDemoMode" name="test_demo_mode_creates_account" time="0.332" /><testcase classname="backend.tests.test_iteration11_features.TestDemoMode" name="test_demo_mode_has_properties" time="0.450" /><testcase classname="backend.tests.test_iteration11_features.TestUserPreferences" name="test_get_default_preferences" time="0.411" /><testcase classname="backend.tests.test_iteration11_features.TestUserPreferences" name="test_update_company_name" time="0.543" /><testcase classname="backend.tests.test_iteration11_features.TestUserPreferences" name="test_update_notification_preferences" time="0.417" /><testcase classname="backend.tests.test_iteration11_features.TestPasswordChange" name="test_change_password_success" time="1.522" /><testcase classname="backend.tests.test_iteration11_features.TestPasswordChange" name="test_change_password_wrong_current" time="0.677" /><testcase classname="backend.tests.test_iteration11_features.TestContactForm" name="test_submit_support_request" time="0.424" /><testcase classname="backend.tests.test_iteration11_features.TestContactForm" name="test_submit_billing_inquiry" time="0.421" /><testcase classname="backend.tests.test_iteration11_features.TestContactForm" name="test_submit_feedback" time="0.422" /><testcase classname="backend.tests.test_iteration11_features.TestPDFExport" name="test_export_property_report" time="0.541" /><testcase classname="backend.tests.test_iteration11_features.TestPDFExport" name="test_export_nonexistent_property" time="0.418" /><testcase classname="backend.tests.test_iteration11_features.TestAuthMe" name="test_get_current_user" time="0.421" /></testsuite></testsuites>