<?xml version="1.0" encoding="utf-8"?><testsuites name="pytest tests"><testsuite name="pytest" errors="0" failures="0" skipped="0" tests="14" time="10.270" timestamp="2026-03-27T08:28:20.819918+00:00" hostname="agent-env-7d6fc135-0e90-4e84-963f-96b67c26afff"><testcase classname="backend.tests.test_phase4_documents.TestDocumentEndpoints" name="test_constants_include_file_upload_config" time="0.575" /><testcase classname="backend.tests.test_phase4_documents.TestDocumentEndpoints" name="test_upload_pdf_document" time="0.689" /><testcase classname="backend.tests.test_phase4_documents.TestDocumentEndpoints" name="test_upload_png_image" time="0.677" /><testcase classname="backend.tests.test_phase4_documents.TestDocumentEndpoints" name="test_upload_jpg_image" time="0.651" /><testcase classname="backend.tests.test_phase4_documents.TestDocumentEndpoints" name="test_upload_invalid_file_type_rejected" time="0.544" /><testcase classname="backend.tests.test_phase4_documents.TestDocumentEndpoints" name="test_upload_with_compliance_record_link" time="0.810" /><testcase classname="backend.tests.test_phase4_documents.TestDocumentEndpoints" name="test_upload_and_extract_endpoint" time="0.658" /><testcase classname="backend.tests.test_phase4_documents.TestDocumentEndpoints" name="test_download_document" time="0.794" /><testcase classname="backend.tests.test_phase4_documents.TestDocumentEndpoints" name="test_download_nonexistent_document" time="0.538" /><testcase classname="backend.tests.test_phase4_documents.TestDocumentEndpoints" name="test_delete_document" time="0.769" /><testcase classname="backend.tests.test_phase4_documents.TestDocumentEndpoints" name="test_delete_nonexistent_document" time="0.535" /><testcase classname="backend.tests.test_phase4_documents.TestDocumentEndpoints" name="test_link_document_to_compliance_record" time="1.006" /><testcase classname="backend.tests.test_phase4_documents.TestDocumentEndpoints" name="test_link_document_to_nonexistent_record" time="0.769" /><testcase classname="backend.tests.test_phase4_documents.TestDocumentEndpoints" name="test_get_compliance_record_documents" time="1.152" /></testsuite></testsuites>