<?xml version="1.0" encoding="utf-8"?><testsuites name="pytest tests"><testsuite name="pytest" errors="0" failures="0" skipped="0" tests="24" time="9.629" timestamp="2026-03-27T08:39:26.544447+00:00" hostname="agent-env-7d6fc135-0e90-4e84-963f-96b67c26afff"><testcase classname="backend.tests.test_stabilization.TestAuthAndSetup" name="test_login_success" time="0.464" /><testcase classname="backend.tests.test_stabilization.TestFormValidation" name="test_property_empty_name_rejected" time="0.488" /><testcase classname="backend.tests.test_stabilization.TestFormValidation" name="test_property_whitespace_name_rejected" time="0.119" /><testcase classname="backend.tests.test_stabilization.TestFormValidation" name="test_property_empty_address_rejected" time="0.139" /><testcase classname="backend.tests.test_stabilization.TestFormValidation" name="test_property_empty_postcode_rejected" time="0.126" /><testcase classname="backend.tests.test_stabilization.TestFormValidation" name="test_compliance_empty_title_rejected" time="0.240" /><testcase classname="backend.tests.test_stabilization.TestFormValidation" name="test_compliance_empty_category_rejected" time="0.245" /><testcase classname="backend.tests.test_stabilization.TestFormValidation" name="test_task_empty_title_rejected" time="0.129" /><testcase classname="backend.tests.test_stabilization.TestFormValidation" name="test_task_whitespace_title_rejected" time="0.130" /><testcase classname="backend.tests.test_stabilization.TestDatabaseWrites" name="test_property_create_and_verify" time="0.861" /><testcase classname="backend.tests.test_stabilization.TestDatabaseWrites" name="test_compliance_record_create_and_verify" time="1.014" /><testcase classname="backend.tests.test_stabilization.TestDatabaseWrites" name="test_task_create_and_verify" time="0.373" /><testcase classname="backend.tests.test_stabilization.TestStatusBadges" name="test_compliant_status" time="0.748" /><testcase classname="backend.tests.test_stabilization.TestStatusBadges" name="test_expiring_soon_status" time="0.373" /><testcase classname="backend.tests.test_stabilization.TestStatusBadges" name="test_overdue_status" time="0.387" /><testcase classname="backend.tests.test_stabilization.TestDashboardCounts" name="test_dashboard_stats_accuracy" time="0.712" /><testcase classname="backend.tests.test_stabilization.TestDashboardCounts" name="test_dashboard_data_endpoint" time="0.129" /><testcase classname="backend.tests.test_stabilization.TestDataRefresh" name="test_compliance_delete_updates_list" time="0.967" /><testcase classname="backend.tests.test_stabilization.TestDataRefresh" name="test_property_summary_updates_after_record_delete" time="0.773" /><testcase classname="backend.tests.test_stabilization.TestNavigation" name="test_properties_list_endpoint" time="0.479" /><testcase classname="backend.tests.test_stabilization.TestNavigation" name="test_property_detail_endpoint" time="0.253" /><testcase classname="backend.tests.test_stabilization.TestNavigation" name="test_compliance_list_endpoint" time="0.129" /><testcase classname="backend.tests.test_stabilization.TestNavigation" name="test_tasks_list_endpoint" time="0.128" /><testcase classname="backend.tests.test_stabilization.TestNavigation" name="test_constants_endpoint" time="0.116" /></testsuite></testsuites>