<?xml version="1.0" encoding="utf-8"?><testsuites name="pytest tests"><testsuite name="pytest" errors="0" failures="2" skipped="0" tests="40" time="20.583" timestamp="2026-03-27T16:47:13.728577+00:00" hostname="agent-env-7d6fc135-0e90-4e84-963f-96b67c26afff"><testcase classname="tests.test_iteration14_refactoring.TestHealthAndBasics" name="test_health_endpoint" time="1.297" /><testcase classname="tests.test_iteration14_refactoring.TestHealthAndBasics" name="test_constants_endpoint" time="0.148" /><testcase classname="tests.test_iteration14_refactoring.TestAuthRoutes" name="test_signup_creates_user" time="0.355" /><testcase classname="tests.test_iteration14_refactoring.TestAuthRoutes" name="test_signup_duplicate_email_fails" time="0.487" /><testcase classname="tests.test_iteration14_refactoring.TestAuthRoutes" name="test_login_valid_credentials" time="0.760" /><testcase classname="tests.test_iteration14_refactoring.TestAuthRoutes" name="test_login_invalid_password" time="0.676" /><testcase classname="tests.test_iteration14_refactoring.TestAuthRoutes" name="test_login_nonexistent_email" time="0.105" /><testcase classname="tests.test_iteration14_refactoring.TestAuthRoutes" name="test_password_reset_request" time="0.113" /><testcase classname="tests.test_iteration14_refactoring.TestAuthRoutes" name="test_me_endpoint_with_token" time="0.501" /><testcase classname="tests.test_iteration14_refactoring.TestAuthRoutes" name="test_change_password" time="1.235" /><testcase classname="tests.test_iteration14_refactoring.TestAuthRoutes" name="test_change_password_wrong_current" time="0.695" /><testcase classname="tests.test_iteration14_refactoring.TestDemoMode" name="test_demo_creates_portfolio_account" time="0.343" /><testcase classname="tests.test_iteration14_refactoring.TestDemoMode" name="test_demo_creates_properties" time="0.467" /><testcase classname="tests.test_iteration14_refactoring.TestDemoMode" name="test_demo_creates_compliance_records" time="0.459" /><testcase classname="tests.test_iteration14_refactoring.TestDemoMode" name="test_demo_creates_tasks" time="0.517" /><testcase classname="tests.test_iteration14_refactoring.TestDashboard" name="test_dashboard_stats" time="0.462" /><testcase classname="tests.test_iteration14_refactoring.TestDashboard" name="test_dashboard_data" time="0.536" /><testcase classname="tests.test_iteration14_refactoring.TestPropertyCRUD" name="test_create_property" time="0.457" /><testcase classname="tests.test_iteration14_refactoring.TestPropertyCRUD" name="test_get_property" time="0.576" /><testcase classname="tests.test_iteration14_refactoring.TestPropertyCRUD" name="test_update_property" time="0.582" /><testcase classname="tests.test_iteration14_refactoring.TestPropertyCRUD" name="test_delete_property" time="0.700" /><testcase classname="tests.test_iteration14_refactoring.TestComplianceCRUD" name="test_create_compliance_record" time="0.590" /><testcase classname="tests.test_iteration14_refactoring.TestComplianceCRUD" name="test_update_compliance_record" time="0.550" /><testcase classname="tests.test_iteration14_refactoring.TestComplianceCRUD" name="test_delete_compliance_record" time="0.670" /><testcase classname="tests.test_iteration14_refactoring.TestTasksCRUD" name="test_create_task" time="0.456" /><testcase classname="tests.test_iteration14_refactoring.TestTasksCRUD" name="test_update_task" time="0.612" /><testcase classname="tests.test_iteration14_refactoring.TestTasksCRUD" name="test_delete_task" time="0.547" /><testcase classname="tests.test_iteration14_refactoring.TestTasksCRUD" name="test_task_templates" time="0.113" /><testcase classname="tests.test_iteration14_refactoring.TestAIAssistant" name="test_ai_insights" time="0.448"><failure message="AssertionError: assert 'insights' in {'expiring_this_month': [], 'highest_risk_property': {'expiring_count': 1, 'missing_categories': ['epc', 'insurance', 'smoke_co_alarms'], 'missing_count': 3, 'overdue_count': 1, ...}, 'missing_by_property': [{'missing': ['EPC', 'Insurance', 'Smoke/CO Alarms'], 'property_id': 'dbc14314-e29e-49f4-83a3-db0bbce72e87', 'property_name': 'Edinburgh Old Town Flat'}, {'missing': ['Smoke/CO Alarms'], 'property_id': 'b0afb365-fd33-44cf-af6c-85125303a990', 'property_name': 'Victoria Terrace Apartment'}, {'missing': ['Insurance', 'Smoke/CO Alarms'], 'property_id': 'e489580f-6c3e-4c8f-ad52-439086fd371a', 'property_name': 'Cotswold Cottage'}], 'property_risks': [{'expiring_count': 1, 'missing_categories': ['epc', 'insurance', 'smoke_co_alarms'], 'missing_count': 3, 'overdue_count': 1, ...}, {'expiring_count': 0, 'missing_categories': ['smoke_co_alarms'], 'missing_count': 1, 'overdue_count': 1, ...}, {'expiring_count': 1, 'missing_categories': ['insurance', 'smoke_co_alarms'], 'missing_count': 2, 'overdue_count': 0, ...}], ...}">tests/test_iteration14_refactoring.py:578: in test_ai_insights
    assert "insights" in data
E   AssertionError: assert 'insights' in {'expiring_this_month': [], 'highest_risk_property': {'expiring_count': 1, 'missing_categories': ['epc', 'insurance', 'smoke_co_alarms'], 'missing_count': 3, 'overdue_count': 1, ...}, 'missing_by_property': [{'missing': ['EPC', 'Insurance', 'Smoke/CO Alarms'], 'property_id': 'dbc14314-e29e-49f4-83a3-db0bbce72e87', 'property_name': 'Edinburgh Old Town Flat'}, {'missing': ['Smoke/CO Alarms'], 'property_id': 'b0afb365-fd33-44cf-af6c-85125303a990', 'property_name': 'Victoria Terrace Apartment'}, {'missing': ['Insurance', 'Smoke/CO Alarms'], 'property_id': 'e489580f-6c3e-4c8f-ad52-439086fd371a', 'property_name': 'Cotswold Cottage'}], 'property_risks': [{'expiring_count': 1, 'missing_categories': ['epc', 'insurance', 'smoke_co_alarms'], 'missing_count': 3, 'overdue_count': 1, ...}, {'expiring_count': 0, 'missing_categories': ['smoke_co_alarms'], 'missing_count': 1, 'overdue_count': 1, ...}, {'expiring_count': 1, 'missing_categories': ['insurance', 'smoke_co_alarms'], 'missing_count': 2, 'overdue_count': 0, ...}], ...}</failure></testcase><testcase classname="tests.test_iteration14_refactoring.TestAIAssistant" name="test_ai_query" time="0.478"><failure message="assert 404 == 200&#10; +  where 404 = &lt;Response [404]&gt;.status_code">tests/test_iteration14_refactoring.py:590: in test_ai_query
    assert query_resp.status_code == 200
E   assert 404 == 200
E    +  where 404 = &lt;Response [404]&gt;.status_code</failure></testcase><testcase classname="tests.test_iteration14_refactoring.TestPDFExport" name="test_property_export" time="0.583" /><testcase classname="tests.test_iteration14_refactoring.TestSubscription" name="test_get_subscription" time="0.445" /><testcase classname="tests.test_iteration14_refactoring.TestSubscription" name="test_subscription_plans" time="0.112" /><testcase classname="tests.test_iteration14_refactoring.TestSubscription" name="test_check_property_limit" time="0.452" /><testcase classname="tests.test_iteration14_refactoring.TestNotifications" name="test_generate_notifications" time="0.472" /><testcase classname="tests.test_iteration14_refactoring.TestNotifications" name="test_get_notifications" time="0.613" /><testcase classname="tests.test_iteration14_refactoring.TestUserPreferences" name="test_get_preferences" time="0.463" /><testcase classname="tests.test_iteration14_refactoring.TestUserPreferences" name="test_update_preferences" time="0.461" /><testcase classname="tests.test_iteration14_refactoring.TestOnboarding" name="test_get_onboarding_status" time="0.436" /><testcase classname="tests.test_iteration14_refactoring.TestOnboarding" name="test_complete_onboarding" time="0.435" /></testsuite></testsuites>