<?xml version="1.0" encoding="utf-8"?><testsuites name="pytest tests"><testsuite name="pytest" errors="0" failures="0" skipped="0" tests="51" time="12.751" timestamp="2026-03-27T10:00:43.749168+00:00" hostname="agent-env-7d6fc135-0e90-4e84-963f-96b67c26afff"><testcase classname="backend.tests.test_staylet_api.TestHealthAndConstants" name="test_health_check" time="0.149" /><testcase classname="backend.tests.test_staylet_api.TestHealthAndConstants" name="test_root_endpoint" time="0.122" /><testcase classname="backend.tests.test_staylet_api.TestHealthAndConstants" name="test_constants_endpoint" time="0.134" /><testcase classname="backend.tests.test_staylet_api.TestAuthentication" name="test_login_success" time="0.361" /><testcase classname="backend.tests.test_staylet_api.TestAuthentication" name="test_login_invalid_credentials" time="0.129" /><testcase classname="backend.tests.test_staylet_api.TestAuthentication" name="test_get_me_authenticated" time="0.501" /><testcase classname="backend.tests.test_staylet_api.TestAuthentication" name="test_get_me_unauthorized" time="0.135" /><testcase classname="backend.tests.test_staylet_api.TestAuthentication" name="test_password_reset_request" time="0.150" /><testcase classname="backend.tests.test_staylet_api.TestPropertyValidation" name="test_create_property_empty_name_rejected" time="0.456" /><testcase classname="backend.tests.test_staylet_api.TestPropertyValidation" name="test_create_property_whitespace_name_rejected" time="0.116" /><testcase classname="backend.tests.test_staylet_api.TestPropertyValidation" name="test_create_property_empty_address_rejected" time="0.124" /><testcase classname="backend.tests.test_staylet_api.TestPropertyValidation" name="test_create_property_whitespace_address_rejected" time="0.128" /><testcase classname="backend.tests.test_staylet_api.TestPropertyValidation" name="test_create_property_empty_postcode_rejected" time="0.127" /><testcase classname="backend.tests.test_staylet_api.TestPropertyValidation" name="test_create_property_whitespace_postcode_rejected" time="0.120" /><testcase classname="backend.tests.test_staylet_api.TestPropertyCRUD" name="test_create_property_success" time="0.588" /><testcase classname="backend.tests.test_staylet_api.TestPropertyCRUD" name="test_get_properties_list" time="0.121" /><testcase classname="backend.tests.test_staylet_api.TestPropertyCRUD" name="test_get_property_by_id" time="0.368" /><testcase classname="backend.tests.test_staylet_api.TestPropertyCRUD" name="test_update_property" time="0.518" /><testcase classname="backend.tests.test_staylet_api.TestPropertyCRUD" name="test_delete_property" time="0.367" /><testcase classname="backend.tests.test_staylet_api.TestPropertyCRUD" name="test_property_search" time="0.122" /><testcase classname="backend.tests.test_staylet_api.TestComplianceRecordValidation" name="test_create_compliance_empty_title_rejected" time="0.777" /><testcase classname="backend.tests.test_staylet_api.TestComplianceRecordValidation" name="test_create_compliance_whitespace_title_rejected" time="0.625" /><testcase classname="backend.tests.test_staylet_api.TestComplianceRecordValidation" name="test_create_compliance_empty_category_rejected" time="0.360" /><testcase classname="backend.tests.test_staylet_api.TestComplianceRecordCRUD" name="test_create_compliance_record_success" time="0.761" /><testcase classname="backend.tests.test_staylet_api.TestComplianceRecordCRUD" name="test_get_compliance_records_list" time="0.131" /><testcase classname="backend.tests.test_staylet_api.TestComplianceRecordCRUD" name="test_compliance_status_calculation_compliant" time="0.377" /><testcase classname="backend.tests.test_staylet_api.TestComplianceRecordCRUD" name="test_compliance_status_calculation_expiring_soon" time="0.355" /><testcase classname="backend.tests.test_staylet_api.TestComplianceRecordCRUD" name="test_compliance_status_calculation_overdue" time="0.380" /><testcase classname="backend.tests.test_staylet_api.TestComplianceRecordCRUD" name="test_delete_compliance_record" time="0.511" /><testcase classname="backend.tests.test_staylet_api.TestDashboardStats" name="test_dashboard_stats_structure" time="0.486" /><testcase classname="backend.tests.test_staylet_api.TestDashboardStats" name="test_dashboard_stats_accuracy" time="0.367" /><testcase classname="backend.tests.test_staylet_api.TestTasksCRUD" name="test_get_tasks_list" time="0.514" /><testcase classname="backend.tests.test_staylet_api.TestTasksCRUD" name="test_create_task" time="0.245" /><testcase classname="backend.tests.test_phase5_subscription.TestSubscriptionPlansEndpoint" name="test_get_plans_returns_all_three_plans" time="0.115" /><testcase classname="backend.tests.test_phase5_subscription.TestSubscriptionPlansEndpoint" name="test_solo_plan_details" time="0.053" /><testcase classname="backend.tests.test_phase5_subscription.TestSubscriptionPlansEndpoint" name="test_portfolio_plan_details" time="0.054" /><testcase classname="backend.tests.test_phase5_subscription.TestSubscriptionPlansEndpoint" name="test_operator_plan_details" time="0.054" /><testcase classname="backend.tests.test_phase5_subscription.TestSubscriptionPlansEndpoint" name="test_plans_include_trial_days" time="0.053" /><testcase classname="backend.tests.test_phase5_subscription.TestSubscriptionEndpoint" name="test_get_subscription_requires_auth" time="0.054" /><testcase classname="backend.tests.test_phase5_subscription.TestSubscriptionEndpoint" name="test_get_subscription_returns_plan_details" time="0.340" /><testcase classname="backend.tests.test_phase5_subscription.TestSubscriptionEndpoint" name="test_subscription_includes_trial_info" time="0.056" /><testcase classname="backend.tests.test_phase5_subscription.TestCheckLimitEndpoint" name="test_check_limit_requires_auth" time="0.054" /><testcase classname="backend.tests.test_phase5_subscription.TestCheckLimitEndpoint" name="test_check_limit_returns_allowed_status" time="0.056" /><testcase classname="backend.tests.test_phase5_subscription.TestCheckLimitEndpoint" name="test_check_limit_at_limit_returns_false" time="0.377" /><testcase classname="backend.tests.test_phase5_subscription.TestChangePlanEndpoint" name="test_change_plan_requires_auth" time="0.052" /><testcase classname="backend.tests.test_phase5_subscription.TestChangePlanEndpoint" name="test_change_plan_invalid_plan_rejected" time="0.061" /><testcase classname="backend.tests.test_phase5_subscription.TestChangePlanEndpoint" name="test_upgrade_to_portfolio_works" time="0.110" /><testcase classname="backend.tests.test_phase5_subscription.TestChangePlanEndpoint" name="test_downgrade_blocked_if_over_limit" time="0.054" /><testcase classname="backend.tests.test_phase5_subscription.TestNewUserSignupTrial" name="test_signup_creates_trial_user" time="0.278" /><testcase classname="backend.tests.test_phase5_subscription.TestConstantsEndpoint" name="test_constants_includes_subscription_plans" time="0.054" /><testcase classname="backend.tests.test_phase5_subscription.TestAuthMeSubscriptionInfo" name="test_auth_me_includes_subscription_fields" time="0.055" /></testsuite></testsuites>