<?xml version="1.0" encoding="utf-8"?><testsuites name="pytest tests"><testsuite name="pytest" errors="0" failures="0" skipped="0" tests="25" time="13.479" timestamp="2026-03-27T16:28:20.879517+00:00" hostname="agent-env-7d6fc135-0e90-4e84-963f-96b67c26afff"><testcase classname="backend.tests.test_iteration13_stabilization.TestAuthFlows" name="test_signup_success" time="0.469" /><testcase classname="backend.tests.test_iteration13_stabilization.TestAuthFlows" name="test_signup_duplicate_email" time="0.468" /><testcase classname="backend.tests.test_iteration13_stabilization.TestAuthFlows" name="test_login_success" time="0.680" /><testcase classname="backend.tests.test_iteration13_stabilization.TestAuthFlows" name="test_login_wrong_password" time="0.726" /><testcase classname="backend.tests.test_iteration13_stabilization.TestAuthFlows" name="test_login_nonexistent_email" time="0.112" /><testcase classname="backend.tests.test_iteration13_stabilization.TestAuthFlows" name="test_password_reset_request" time="0.121" /><testcase classname="backend.tests.test_iteration13_stabilization.TestPlanLimits" name="test_solo_plan_property_limit" time="0.643" /><testcase classname="backend.tests.test_iteration13_stabilization.TestPlanLimits" name="test_portfolio_plan_property_limit" time="0.744" /><testcase classname="backend.tests.test_iteration13_stabilization.TestDemoMode" name="test_demo_creates_portfolio_account" time="0.339" /><testcase classname="backend.tests.test_iteration13_stabilization.TestDemoMode" name="test_demo_creates_uk_properties" time="0.451" /><testcase classname="backend.tests.test_iteration13_stabilization.TestDemoMode" name="test_demo_creates_varied_compliance" time="0.471" /><testcase classname="backend.tests.test_iteration13_stabilization.TestDashboardData" name="test_dashboard_stats_match_data" time="0.683" /><testcase classname="backend.tests.test_iteration13_stabilization.TestDashboardData" name="test_dashboard_data_endpoint" time="0.461" /><testcase classname="backend.tests.test_iteration13_stabilization.TestOnboarding" name="test_new_user_onboarding_status" time="0.463" /><testcase classname="backend.tests.test_iteration13_stabilization.TestOnboarding" name="test_demo_user_onboarding_complete" time="0.449" /><testcase classname="backend.tests.test_iteration13_stabilization.TestOnboarding" name="test_complete_onboarding_endpoint" time="0.493" /><testcase classname="backend.tests.test_iteration13_stabilization.TestNotifications" name="test_notification_generation" time="0.576" /><testcase classname="backend.tests.test_iteration13_stabilization.TestNotifications" name="test_unread_notification_count" time="0.565" /><testcase classname="backend.tests.test_iteration13_stabilization.TestNotifications" name="test_mark_notification_read" time="0.739" /><testcase classname="backend.tests.test_iteration13_stabilization.TestFormValidation" name="test_property_required_fields" time="0.762" /><testcase classname="backend.tests.test_iteration13_stabilization.TestFormValidation" name="test_compliance_required_fields" time="0.697" /><testcase classname="backend.tests.test_iteration13_stabilization.TestFormValidation" name="test_task_required_fields" time="0.433" /><testcase classname="backend.tests.test_iteration13_stabilization.TestSubscriptionInfo" name="test_user_response_includes_plan_info" time="0.449" /><testcase classname="backend.tests.test_iteration13_stabilization.TestSubscriptionInfo" name="test_subscription_endpoint" time="0.539" /><testcase classname="backend.tests.test_iteration13_stabilization.TestStatusBadges" name="test_status_updates_on_expiry_date_change" time="0.779" /></testsuite></testsuites>