<?xml version="1.0" encoding="utf-8"?><testsuites name="pytest tests"><testsuite name="pytest" errors="0" failures="0" skipped="0" tests="33" time="10.714" timestamp="2026-03-27T07:42:18.525265+00:00" hostname="agent-env-7d6fc135-0e90-4e84-963f-96b67c26afff"><testcase classname="backend.tests.test_staylet_api.TestHealthAndConstants" name="test_health_check" time="0.239" /><testcase classname="backend.tests.test_staylet_api.TestHealthAndConstants" name="test_root_endpoint" time="0.126" /><testcase classname="backend.tests.test_staylet_api.TestHealthAndConstants" name="test_constants_endpoint" time="0.127" /><testcase classname="backend.tests.test_staylet_api.TestAuthentication" name="test_login_success" time="0.347" /><testcase classname="backend.tests.test_staylet_api.TestAuthentication" name="test_login_invalid_credentials" time="0.130" /><testcase classname="backend.tests.test_staylet_api.TestAuthentication" name="test_get_me_authenticated" time="0.498" /><testcase classname="backend.tests.test_staylet_api.TestAuthentication" name="test_get_me_unauthorized" time="0.127" /><testcase classname="backend.tests.test_staylet_api.TestAuthentication" name="test_password_reset_request" time="0.117" /><testcase classname="backend.tests.test_staylet_api.TestPropertyValidation" name="test_create_property_empty_name_rejected" time="0.482" /><testcase classname="backend.tests.test_staylet_api.TestPropertyValidation" name="test_create_property_whitespace_name_rejected" time="0.119" /><testcase classname="backend.tests.test_staylet_api.TestPropertyValidation" name="test_create_property_empty_address_rejected" time="0.133" /><testcase classname="backend.tests.test_staylet_api.TestPropertyValidation" name="test_create_property_whitespace_address_rejected" time="0.119" /><testcase classname="backend.tests.test_staylet_api.TestPropertyValidation" name="test_create_property_empty_postcode_rejected" time="0.129" /><testcase classname="backend.tests.test_staylet_api.TestPropertyValidation" name="test_create_property_whitespace_postcode_rejected" time="0.143" /><testcase classname="backend.tests.test_staylet_api.TestPropertyCRUD" name="test_create_property_success" time="0.611" /><testcase classname="backend.tests.test_staylet_api.TestPropertyCRUD" name="test_get_properties_list" time="0.128" /><testcase classname="backend.tests.test_staylet_api.TestPropertyCRUD" name="test_get_property_by_id" time="0.364" /><testcase classname="backend.tests.test_staylet_api.TestPropertyCRUD" name="test_update_property" time="0.527" /><testcase classname="backend.tests.test_staylet_api.TestPropertyCRUD" name="test_delete_property" time="0.373" /><testcase classname="backend.tests.test_staylet_api.TestPropertyCRUD" name="test_property_search" time="0.126" /><testcase classname="backend.tests.test_staylet_api.TestComplianceRecordValidation" name="test_create_compliance_empty_title_rejected" time="0.768" /><testcase classname="backend.tests.test_staylet_api.TestComplianceRecordValidation" name="test_create_compliance_whitespace_title_rejected" time="0.352" /><testcase classname="backend.tests.test_staylet_api.TestComplianceRecordValidation" name="test_create_compliance_empty_category_rejected" time="0.374" /><testcase classname="backend.tests.test_staylet_api.TestComplianceRecordCRUD" name="test_create_compliance_record_success" time="0.723" /><testcase classname="backend.tests.test_staylet_api.TestComplianceRecordCRUD" name="test_get_compliance_records_list" time="0.132" /><testcase classname="backend.tests.test_staylet_api.TestComplianceRecordCRUD" name="test_compliance_status_calculation_compliant" time="0.394" /><testcase classname="backend.tests.test_staylet_api.TestComplianceRecordCRUD" name="test_compliance_status_calculation_expiring_soon" time="0.392" /><testcase classname="backend.tests.test_staylet_api.TestComplianceRecordCRUD" name="test_compliance_status_calculation_overdue" time="0.365" /><testcase classname="backend.tests.test_staylet_api.TestComplianceRecordCRUD" name="test_delete_compliance_record" time="0.508" /><testcase classname="backend.tests.test_staylet_api.TestDashboardStats" name="test_dashboard_stats_structure" time="0.474" /><testcase classname="backend.tests.test_staylet_api.TestDashboardStats" name="test_dashboard_stats_accuracy" time="0.392" /><testcase classname="backend.tests.test_staylet_api.TestTasksCRUD" name="test_get_tasks_list" time="0.461" /><testcase classname="backend.tests.test_staylet_api.TestTasksCRUD" name="test_create_task" time="0.294" /></testsuite></testsuites>