<?xml version="1.0" encoding="utf-8"?><testsuites name="pytest tests"><testsuite name="pytest" errors="0" failures="0" skipped="0" tests="23" time="14.347" timestamp="2026-03-27T12:06:21.679365+00:00" hostname="agent-env-7d6fc135-0e90-4e84-963f-96b67c26afff"><testcase classname="backend.tests.test_iteration12_ai_assistant.TestHealthAndAuth" name="test_health_endpoint" time="0.237" /><testcase classname="backend.tests.test_iteration12_ai_assistant.TestHealthAndAuth" name="test_demo_mode_creates_account" time="0.350" /><testcase classname="backend.tests.test_iteration12_ai_assistant.TestAIAssistantInsights" name="test_get_insights_returns_valid_structure" time="0.438" /><testcase classname="backend.tests.test_iteration12_ai_assistant.TestAIAssistantInsights" name="test_insights_summary_has_correct_fields" time="0.466" /><testcase classname="backend.tests.test_iteration12_ai_assistant.TestAIAssistantInsights" name="test_insights_highest_risk_property" time="0.448" /><testcase classname="backend.tests.test_iteration12_ai_assistant.TestAIAssistantInsights" name="test_insights_urgent_actions" time="0.446" /><testcase classname="backend.tests.test_iteration12_ai_assistant.TestAIAssistantInsights" name="test_insights_missing_by_property" time="0.470" /><testcase classname="backend.tests.test_iteration12_ai_assistant.TestAIAssistantInsights" name="test_insights_requires_auth" time="0.456" /><testcase classname="backend.tests.test_iteration12_ai_assistant.TestPropertyAssistant" name="test_property_insights_returns_valid_structure" time="0.551" /><testcase classname="backend.tests.test_iteration12_ai_assistant.TestPropertyAssistant" name="test_property_compliance_score" time="0.553" /><testcase classname="backend.tests.test_iteration12_ai_assistant.TestPropertyAssistant" name="test_property_recommended_actions" time="0.556" /><testcase classname="backend.tests.test_iteration12_ai_assistant.TestPropertyAssistant" name="test_property_insights_404_for_invalid_id" time="0.562" /><testcase classname="backend.tests.test_iteration12_ai_assistant.TestPropertyAssistant" name="test_property_insights_requires_auth" time="0.536" /><testcase classname="backend.tests.test_iteration12_ai_assistant.TestNaturalLanguageQuery" name="test_ask_question_returns_answer" time="1.761" /><testcase classname="backend.tests.test_iteration12_ai_assistant.TestNaturalLanguageQuery" name="test_ask_question_about_properties" time="1.123" /><testcase classname="backend.tests.test_iteration12_ai_assistant.TestNaturalLanguageQuery" name="test_ask_question_about_tasks" time="1.842" /><testcase classname="backend.tests.test_iteration12_ai_assistant.TestNaturalLanguageQuery" name="test_ask_empty_question_rejected" time="0.457" /><testcase classname="backend.tests.test_iteration12_ai_assistant.TestNaturalLanguageQuery" name="test_ask_requires_auth" time="0.442" /><testcase classname="backend.tests.test_iteration12_ai_assistant.TestExistingFlowsStillWork" name="test_dashboard_stats_still_work" time="0.450" /><testcase classname="backend.tests.test_iteration12_ai_assistant.TestExistingFlowsStillWork" name="test_dashboard_data_still_works" time="0.449" /><testcase classname="backend.tests.test_iteration12_ai_assistant.TestExistingFlowsStillWork" name="test_properties_crud_still_works" time="0.731" /><testcase classname="backend.tests.test_iteration12_ai_assistant.TestExistingFlowsStillWork" name="test_compliance_records_still_work" time="0.466" /><testcase classname="backend.tests.test_iteration12_ai_assistant.TestExistingFlowsStillWork" name="test_tasks_still_work" time="0.436" /></testsuite></testsuites>